<?xml version="1.0" encoding="UTF-8"?>
<testng-results ignored="0" total="2" passed="2" failed="0" skipped="0">
  <reporter-output>
    <line>
      <![CDATA[Before Suite - Setting up reports and Test is getting ready]]>
    </line>
    <line>
      <![CDATA[Before Suite - Setting done test can be started]]>
    </line>
    <line>
      <![CDATA[Before Class - trying to start browser and getting application ready]]>
    </line>
    <line>
      <![CDATA[Before Class - Browser and application is up and running]]>
    </line>
    <line>
      <![CDATA[AfterMethod - Test is about to end]]>
    </line>
    <line>
      <![CDATA[AfterMethod - Test Completed >> Reports Generated]]>
    </line>
    <line>
      <![CDATA[AfterMethod - Test is about to end]]>
    </line>
    <line>
      <![CDATA[AfterMethod - Test Completed >> Reports Generated]]>
    </line>
  </reporter-output>
  <suite started-at="2023-05-18T18:21:03Z" name="Default suite" finished-at="2023-05-18T18:21:40Z" duration-ms="36982">
    <groups>
    </groups>
    <test started-at="2023-05-18T18:21:03Z" name="Default test" finished-at="2023-05-18T18:21:40Z" duration-ms="36982">
      <class name="com.learnautomationtestcases.LoginTestCRM">
        <test-method is-config="true" signature="setUpSuite()[pri:0, instance:com.learnautomationtestcases.LoginTestCRM@14f9390f]" started-at="2023-05-18T23:51:03Z" name="setUpSuite" finished-at="2023-05-18T23:51:03Z" duration-ms="673" status="PASS">
          <reporter-output>
            <line>
              <![CDATA[Before Suite - Setting up reports and Test is getting ready]]>
            </line>
            <line>
              <![CDATA[Before Suite - Setting done test can be started]]>
            </line>
          </reporter-output>
        </test-method> <!-- setUpSuite -->
        <test-method is-config="true" signature="setUp()[pri:0, instance:com.learnautomationtestcases.LoginTestCRM@14f9390f]" started-at="2023-05-18T23:51:03Z" name="setUp" finished-at="2023-05-18T23:51:27Z" duration-ms="23689" status="PASS">
          <reporter-output>
            <line>
              <![CDATA[Before Class - trying to start browser and getting application ready]]>
            </line>
            <line>
              <![CDATA[Before Class - Browser and application is up and running]]>
            </line>
          </reporter-output>
        </test-method> <!-- setUp -->
        <test-method signature="loginApp()[pri:0, instance:com.learnautomationtestcases.LoginTestCRM@14f9390f]" started-at="2023-05-18T23:51:27Z" name="loginApp" finished-at="2023-05-18T23:51:38Z" duration-ms="11230" status="PASS">
          <reporter-output>
          </reporter-output>
        </test-method> <!-- loginApp -->
        <test-method is-config="true" signature="tearDownMethod(org.testng.ITestResult)[pri:0, instance:com.learnautomationtestcases.LoginTestCRM@14f9390f]" started-at="2023-05-18T23:51:38Z" name="tearDownMethod" finished-at="2023-05-18T23:51:39Z" duration-ms="706" status="PASS">
          <params>
            <param index="0">
              <value>
                <![CDATA[[TestResult name=loginApp status=SUCCESS method=LoginTestCRM.loginApp()[pri:0, instance:com.learnautomationtestcases.LoginTestCRM@14f9390f] output={null}]]]>
              </value>
            </param>
          </params>
          <reporter-output>
            <line>
              <![CDATA[AfterMethod - Test is about to end]]>
            </line>
            <line>
              <![CDATA[AfterMethod - Test Completed >> Reports Generated]]>
            </line>
          </reporter-output>
        </test-method> <!-- tearDownMethod -->
        <test-method signature="loginApp1()[pri:0, instance:com.learnautomationtestcases.LoginTestCRM@14f9390f]" started-at="2023-05-18T23:51:39Z" name="loginApp1" finished-at="2023-05-18T23:51:39Z" duration-ms="7" status="PASS">
          <reporter-output>
          </reporter-output>
        </test-method> <!-- loginApp1 -->
        <test-method is-config="true" signature="tearDownMethod(org.testng.ITestResult)[pri:0, instance:com.learnautomationtestcases.LoginTestCRM@14f9390f]" started-at="2023-05-18T23:51:39Z" name="tearDownMethod" finished-at="2023-05-18T23:51:40Z" duration-ms="1029" status="PASS">
          <params>
            <param index="0">
              <value>
                <![CDATA[[TestResult name=loginApp1 status=SUCCESS method=LoginTestCRM.loginApp1()[pri:0, instance:com.learnautomationtestcases.LoginTestCRM@14f9390f] output={null}]]]>
              </value>
            </param>
          </params>
          <reporter-output>
            <line>
              <![CDATA[AfterMethod - Test is about to end]]>
            </line>
            <line>
              <![CDATA[AfterMethod - Test Completed >> Reports Generated]]>
            </line>
          </reporter-output>
        </test-method> <!-- tearDownMethod -->
        <test-method is-config="true" signature="tearDown()[pri:0, instance:com.learnautomationtestcases.LoginTestCRM@14f9390f]" started-at="2023-05-18T23:51:40Z" name="tearDown" finished-at="2023-05-18T23:51:40Z" duration-ms="287" status="PASS">
          <reporter-output>
          </reporter-output>
        </test-method> <!-- tearDown -->
      </class> <!-- com.learnautomationtestcases.LoginTestCRM -->
    </test> <!-- Default test -->
  </suite> <!-- Default suite -->
</testng-results>
