<?xml version="1.0" encoding="UTF-8"?>
<!-- Generated by org.testng.reporters.JUnitXMLReporter -->
<testsuite ignored="0" hostname="Sureshs-MacBook-Air.local" failures="1" tests="2" name="Test" time="65.073" errors="0" timestamp="21 May 2023 06:49:35 GMT">
  <testcase classname="com.learnautomationtestcases.LoginTestCRM" name="loginApp" time="11.681"/>
  <testcase classname="com.learnautomationtestcases.LoginTestCRM" name="loginApp1" time="0.017">
    <failure type="java.lang.AssertionError" message="logout failed">
      <![CDATA[java.lang.AssertionError: logout failed
	at com.learnautomationtestcases.LoginTestCRM.loginApp1(LoginTestCRM.java:37)
... Removed 26 stack frames]]>
    </failure>
  </testcase> <!-- loginApp1 -->
</testsuite> <!-- Test -->
